# JRE version: Java(TM) SE Runtime Environment (8.0_101-b13) (build 1.8.0_101-b13)
# Java VM: Java HotSpot(TM) 64-Bit Server VM (25.101-b13 mixed mode windows-amd64 compressed oops)
Heap:
 PSYoungGen      total 644096K, used 113600K [0x00000000d6180000, 0x0000000100000000, 0x0000000100000000)
  eden space 631296K, 17% used [0x00000000d6180000,0x00000000dd070220,0x00000000fca00000)
  from space 12800K, 0% used [0x00000000ff380000,0x00000000ff380000,0x0000000100000000)
  to   space 27648K, 0% used [0x00000000fca00000,0x00000000fca00000,0x00000000fe500000)
 ParOldGen       total 149504K, used 78467K [0x0000000082400000, 0x000000008b600000, 0x00000000d6180000)
  object space 149504K, 52% used [0x0000000082400000,0x00000000870a0e50,0x000000008b600000)
 Metaspace       used 18811K, capacity 19341K, committed 19456K, reserved 1067008K
  class space    used 1825K, capacity 2042K, committed 2048K, reserved 1048576K
GC Heap History (10 events):
Event: 6.343 GC heap before
{Heap before GC invocations=13 (full 0):
 PSYoungGen      total 338944K, used 333003K [0x00000000d6180000, 0x00000000eb880000, 0x0000000100000000)
  eden space 327680K, 100% used [0x00000000d6180000,0x00000000ea180000,0x00000000ea180000)
  from space 11264K, 47% used [0x00000000ead80000,0x00000000eb2b2c98,0x00000000eb880000)
  to   space 11776K, 0% used [0x00000000ea180000,0x00000000ea180000,0x00000000ead00000)
 ParOldGen       total 86016K, used 29155K [0x0000000082400000, 0x0000000087800000, 0x00000000d6180000)
  object space 86016K, 33% used [0x0000000082400000,0x0000000084078e50,0x0000000087800000)
 Metaspace       used 16923K, capacity 17401K, committed 17536K, reserved 1064960K
  class space    used 1692K, capacity 1882K, committed 1920K, reserved 1048576K
Event: 6.356 GC heap after
Heap after GC invocations=13 (full 0):
 PSYoungGen      total 339456K, used 2208K [0x00000000d6180000, 0x00000000f7880000, 0x0000000100000000)
  eden space 327680K, 0% used [0x00000000d6180000,0x00000000d6180000,0x00000000ea180000)
  from space 11776K, 18% used [0x00000000ea180000,0x00000000ea3a8010,0x00000000ead00000)
  to   space 11776K, 0% used [0x00000000f6d00000,0x00000000f6d00000,0x00000000f7880000)
 ParOldGen       total 86016K, used 33803K [0x0000000082400000, 0x0000000087800000, 0x00000000d6180000)
  object space 86016K, 39% used [0x0000000082400000,0x0000000084502e50,0x0000000087800000)
 Metaspace       used 16923K, capacity 17401K, committed 17536K, reserved 1064960K
  class space    used 1692K, capacity 1882K, committed 1920K, reserved 1048576K
}
Event: 6.575 GC heap before
{Heap before GC invocations=14 (full 0):
 PSYoungGen      total 339456K, used 329888K [0x00000000d6180000, 0x00000000f7880000, 0x0000000100000000)
  eden space 327680K, 100% used [0x00000000d6180000,0x00000000ea180000,0x00000000ea180000)
  from space 11776K, 18% used [0x00000000ea180000,0x00000000ea3a8010,0x00000000ead00000)
  to   space 11776K, 0% used [0x00000000f6d00000,0x00000000f6d00000,0x00000000f7880000)
 ParOldGen       total 86016K, used 33803K [0x0000000082400000, 0x0000000087800000, 0x00000000d6180000)
  object space 86016K, 39% used [0x0000000082400000,0x0000000084502e50,0x0000000087800000)
 Metaspace       used 16923K, capacity 17401K, committed 17536K, reserved 1064960K
  class space    used 1692K, capacity 1882K, committed 1920K, reserved 1048576K
Event: 6.579 GC heap after
Heap after GC invocations=14 (full 0):
 PSYoungGen      total 536064K, used 1664K [0x00000000d6180000, 0x00000000f7880000, 0x0000000100000000)
  eden space 524288K, 0% used [0x00000000d6180000,0x00000000d6180000,0x00000000f6180000)
  from space 11776K, 14% used [0x00000000f6d00000,0x00000000f6ea0000,0x00000000f7880000)
  to   space 11776K, 0% used [0x00000000f6180000,0x00000000f6180000,0x00000000f6d00000)
 ParOldGen       total 86016K, used 34963K [0x0000000082400000, 0x0000000087800000, 0x00000000d6180000)
  object space 86016K, 40% used [0x0000000082400000,0x0000000084624e50,0x0000000087800000)
 Metaspace       used 16923K, capacity 17401K, committed 17536K, reserved 1064960K
  class space    used 1692K, capacity 1882K, committed 1920K, reserved 1048576K
}
Event: 7.087 GC heap before
{Heap before GC invocations=15 (full 0):
 PSYoungGen      total 536064K, used 525952K [0x00000000d6180000, 0x00000000f7880000, 0x0000000100000000)
  eden space 524288K, 100% used [0x00000000d6180000,0x00000000f6180000,0x00000000f6180000)
  from space 11776K, 14% used [0x00000000f6d00000,0x00000000f6ea0000,0x00000000f7880000)
  to   space 11776K, 0% used [0x00000000f6180000,0x00000000f6180000,0x00000000f6d00000)
 ParOldGen       total 86016K, used 34963K [0x0000000082400000, 0x0000000087800000, 0x00000000d6180000)
  object space 86016K, 40% used [0x0000000082400000,0x0000000084624e50,0x0000000087800000)
 Metaspace       used 16923K, capacity 17401K, committed 17536K, reserved 1064960K
  class space    used 1692K, capacity 1882K, committed 1920K, reserved 1048576K
Event: 7.104 GC heap after
Heap after GC invocations=15 (full 0):
 PSYoungGen      total 536064K, used 8679K [0x00000000d6180000, 0x0000000100000000, 0x0000000100000000)
  eden space 524288K, 0% used [0x00000000d6180000,0x00000000d6180000,0x00000000f6180000)
  from space 11776K, 73% used [0x00000000f6180000,0x00000000f69f9f30,0x00000000f6d00000)
  to   space 12800K, 0% used [0x00000000ff380000,0x00000000ff380000,0x0000000100000000)
 ParOldGen       total 86016K, used 35579K [0x0000000082400000, 0x0000000087800000, 0x00000000d6180000)
  object space 86016K, 41% used [0x0000000082400000,0x00000000846bee70,0x0000000087800000)
 Metaspace       used 16923K, capacity 17401K, committed 17536K, reserved 1064960K
  class space    used 1692K, capacity 1882K, committed 1920K, reserved 1048576K
}
Event: 8.830 GC heap before
{Heap before GC invocations=16 (full 0):
 PSYoungGen      total 536064K, used 532967K [0x00000000d6180000, 0x0000000100000000, 0x0000000100000000)
  eden space 524288K, 100% used [0x00000000d6180000,0x00000000f6180000,0x00000000f6180000)
  from space 11776K, 73% used [0x00000000f6180000,0x00000000f69f9f30,0x00000000f6d00000)
  to   space 12800K, 0% used [0x00000000ff380000,0x00000000ff380000,0x0000000100000000)
 ParOldGen       total 86016K, used 35579K [0x0000000082400000, 0x0000000087800000, 0x00000000d6180000)
  object space 86016K, 41% used [0x0000000082400000,0x00000000846bee70,0x0000000087800000)
 Metaspace       used 17490K, capacity 17913K, committed 18048K, reserved 1064960K
  class space    used 1713K, capacity 1882K, committed 1920K, reserved 1048576K
Event: 8.906 GC heap after
Heap after GC invocations=16 (full 0):
 PSYoungGen      total 644096K, used 12800K [0x00000000d6180000, 0x0000000100000000, 0x0000000100000000)
  eden space 631296K, 0% used [0x00000000d6180000,0x00000000d6180000,0x00000000fca00000)
  from space 12800K, 100% used [0x00000000ff380000,0x0000000100000000,0x0000000100000000)
  to   space 27648K, 0% used [0x00000000fca00000,0x00000000fca00000,0x00000000fe500000)
 ParOldGen       total 86016K, used 70204K [0x0000000082400000, 0x0000000087800000, 0x00000000d6180000)
  object space 86016K, 81% used [0x0000000082400000,0x000000008688f270,0x0000000087800000)
 Metaspace       used 17490K, capacity 17913K, committed 18048K, reserved 1064960K
  class space    used 1713K, capacity 1882K, committed 1920K, reserved 1048576K
}
Event: 8.906 GC heap before
{Heap before GC invocations=17 (full 1):
 PSYoungGen      total 644096K, used 12800K [0x00000000d6180000, 0x0000000100000000, 0x0000000100000000)
  eden space 631296K, 0% used [0x00000000d6180000,0x00000000d6180000,0x00000000fca00000)
  from space 12800K, 100% used [0x00000000ff380000,0x0000000100000000,0x0000000100000000)
  to   space 27648K, 0% used [0x00000000fca00000,0x00000000fca00000,0x00000000fe500000)
 ParOldGen       total 86016K, used 70204K [0x0000000082400000, 0x0000000087800000, 0x00000000d6180000)
  object space 86016K, 81% used [0x0000000082400000,0x000000008688f270,0x0000000087800000)
 Metaspace       used 17490K, capacity 17913K, committed 18048K, reserved 1064960K
  class space    used 1713K, capacity 1882K, committed 1920K, reserved 1048576K
Event: 9.279 GC heap after
Heap after GC invocations=17 (full 1):
 PSYoungGen      total 644096K, used 0K [0x00000000d6180000, 0x0000000100000000, 0x0000000100000000)
  eden space 631296K, 0% used [0x00000000d6180000,0x00000000d6180000,0x00000000fca00000)
  from space 12800K, 0% used [0x00000000ff380000,0x00000000ff380000,0x0000000100000000)
  to   space 27648K, 0% used [0x00000000fca00000,0x00000000fca00000,0x00000000fe500000)
 ParOldGen       total 149504K, used 78467K [0x0000000082400000, 0x000000008b600000, 0x00000000d6180000)
  object space 149504K, 52% used [0x0000000082400000,0x00000000870a0e50,0x000000008b600000)
 Metaspace       used 17490K, capacity 17913K, committed 18048K, reserved 1064960K
  class space    used 1713K, capacity 1882K, committed 1920K, reserved 1048576K
}

